app/build/intermediates/manifest_merge_blame_file/debug/manifest-merger-blame-debug-report.txt
1<?xml version="1.0" encoding="utf-8"?>
2<manifest xmlns:android="http://schemas.android.com/apk/res/android"
3    package="com.ergv.glScreenSavers"
4    android:versionCode="18"
5    android:versionName="1.0.0.0" >
6
7    <uses-sdk
8        android:minSdkVersion="21"
8-->src/main/AndroidManifest.xml
9        android:targetSdkVersion="27" />
9-->src/main/AndroidManifest.xml
10
11    <!-- We require OpenGL ES 2.0 -->
12    <uses-feature
12-->src/main/AndroidManifest.xml:8:5-10:34
13        android:glEsVersion="0x00020000"
13-->src/main/AndroidManifest.xml:9:9-41
14        android:required="true" />
14-->src/main/AndroidManifest.xml:10:9-32
15
16    <application
16-->src/main/AndroidManifest.xml:12:5-42:19
17        android:debuggable="true"
18        android:icon="@drawable/icon"
18-->src/main/AndroidManifest.xml:13:9-38
19        android:label="@string/app_name" >
19-->src/main/AndroidManifest.xml:14:9-41
20        <activity android:name="com.ergv.glScreenSavers.TableOfContents" >
20-->src/main/AndroidManifest.xml:16:9-22:20
20-->src/main/AndroidManifest.xml:16:19-50
21            <intent-filter>
21-->src/main/AndroidManifest.xml:17:13-21:29
22                <action android:name="android.intent.action.MAIN" />
22-->src/main/AndroidManifest.xml:18:17-68
22-->src/main/AndroidManifest.xml:18:25-66
23
24                <category android:name="android.intent.category.LAUNCHER" />
24-->src/main/AndroidManifest.xml:20:17-76
24-->src/main/AndroidManifest.xml:20:27-74
25            </intent-filter>
26        </activity>
27        <activity
27-->src/main/AndroidManifest.xml:23:9-25:52
28            android:name="com.ergv.glScreenSavers.bricksShader.BricksShaderActivity"
28-->src/main/AndroidManifest.xml:24:13-62
29            android:label="@string/bricks_shader" />
29-->src/main/AndroidManifest.xml:25:13-50
30        <activity
30-->src/main/AndroidManifest.xml:27:9-29:54
31            android:name="com.ergv.glScreenSavers.quantizedColor.QuantizedColorActivity"
31-->src/main/AndroidManifest.xml:28:13-66
32            android:label="@string/quantized_color" />
32-->src/main/AndroidManifest.xml:29:13-52
33        <activity
33-->src/main/AndroidManifest.xml:31:9-33:48
34            android:name="com.ergv.glScreenSavers.JuliaSet.JuliaSetActivity"
34-->src/main/AndroidManifest.xml:32:13-54
35            android:label="@string/julia_set" />
35-->src/main/AndroidManifest.xml:33:13-46
36        <activity
36-->src/main/AndroidManifest.xml:34:9-36:50
37            android:name="com.ergv.glScreenSavers.Polyhedrons.PolyhedronsActivity"
37-->src/main/AndroidManifest.xml:35:13-60
38            android:label="@string/polyhedrons" />
38-->src/main/AndroidManifest.xml:36:13-48
39
40        <!--
41            <activity
42            android:name=".Geodetic.SphereConeCylinderActivity"
43            android:label="@string/SphereConeCylinderActivity"/>
44        -->
45    </application>
46
47</manifest>